      <classname="ReleaseIqXmlReporter.constructor" name="should default path to an empty string" time="0.006">
         <failure message="test failure">Assertion failed</failure>
      </testcase>
      <testcase classname="ReleaseIqXmlReporter.constructor" name="should default consolidate to true" time="0">
      </testcase>
      <testcase classname="ReleaseIqXmlReporter.constructor" name="should default useDotNotation to true" time="0" />
   </testsuite>
</testsuites>
